Arguments: 
  /usr/bin/node /usr/bin/yarn run dev

PATH: 
  /usr/local/sbin:/usr/local/bin:/usr/bin:/usr/lib/jvm/default/bin:/usr/bin/site_perl:/usr/bin/vendor_perl:/usr/bin/core_perl:/home/adam/.gem/ruby/2.4.0/bin:/root/.gem/ruby/2.4.0/bin:/home/adam/.rvm/bin:/usr/local/bin/VSCode-linux-x64/bin/:/home/adam/.gem/ruby/2.4.0/bin:/root/.gem/ruby/2.4.0/bin:/home/adam/.rvm/bin:/usr/local/bin/VSCode-linux-x64/bin/

Yarn version: 
  1.5.1

Node version: 
  9.8.0

Platform: 
  linux x64

npm manifest: 
  No manifest

yarn manifest: 
  No manifest

Lockfile: 
  No lockfile

Trace: 
  Error: Couldn't find a package.json file in "/home/adam/workspace/classmate"
      at new MessageError (/usr/lib/node_modules/yarn/lib/cli.js:186:110)
      at /usr/lib/node_modules/yarn/lib/cli.js:40048:15
      at Generator.next (<anonymous>)
      at step (/usr/lib/node_modules/yarn/lib/cli.js:98:30)
      at /usr/lib/node_modules/yarn/lib/cli.js:109:13
      at <anonymous>
